<?xml version="1.0" encoding="UTF-8"?>
<!-- Generated by org.testng.reporters.JUnitXMLReporter -->
<testsuite ignored="0" hostname="HP" failures="0" tests="4" name="Default test" time="0.104" errors="0" timestamp="2022-11-30T20:38:41 IST">
  <testcase classname="annotations1.Annotations" name="verifySendEmailWillBeDisplayedInSendItem" time="0.007"/>
  <testcase classname="annotations1.Annotations" name="verifyUserCanLoginWithVAlidCredential" time="0.002"/>
  <testcase classname="annotations1.Annotations" name="verifyUserCanNotLoginWithInvalidCredentials" time="0.008"/>
  <testcase classname="annotations1.Annotations" name="verifyUserCanSendEmail" time="0.003"/>
</testsuite> <!-- Default test -->
